C:\USERS\CHANDRAPRAKASH MEENA\DOCUMENTS\VISUAL STUDIO 2010\PROJECTS\GRAPH_FINAL\DEBUG\GRAPH_FINAL.EXE
C:\USERS\CHANDRAPRAKASH MEENA\DOCUMENTS\VISUAL STUDIO 2010\PROJECTS\GRAPH_FINAL\DEBUG\GRAPH_FINAL.ILK
C:\USERS\CHANDRAPRAKASH MEENA\DOCUMENTS\VISUAL STUDIO 2010\PROJECTS\GRAPH_FINAL\DEBUG\GRAPH_FINAL.PDB
C:\USERS\CHANDRAPRAKASH MEENA\DOCUMENTS\VISUAL STUDIO 2010\PROJECTS\GRAPH_FINAL\GRAPH_FINAL\DEBUG\.NETFRAMEWORK,VERSION=V4.0.ASSEMBLYATTRIBUTES.OBJ
C:\USERS\CHANDRAPRAKASH MEENA\DOCUMENTS\VISUAL STUDIO 2010\PROJECTS\GRAPH_FINAL\GRAPH_FINAL\DEBUG\APP.RES
C:\USERS\CHANDRAPRAKASH MEENA\DOCUMENTS\VISUAL STUDIO 2010\PROJECTS\GRAPH_FINAL\GRAPH_FINAL\DEBUG\ASSEMBLYINFO.OBJ
c:\Users\chandraprakash meena\documents\visual studio 2010\Projects\graph_final\graph_final\Debug\cl.command.1.tlog
c:\Users\chandraprakash meena\documents\visual studio 2010\Projects\graph_final\graph_final\Debug\CL.read.1.tlog
c:\Users\chandraprakash meena\documents\visual studio 2010\Projects\graph_final\graph_final\Debug\CL.write.1.tlog
C:\USERS\CHANDRAPRAKASH MEENA\DOCUMENTS\VISUAL STUDIO 2010\PROJECTS\GRAPH_FINAL\GRAPH_FINAL\DEBUG\GRAPH_FINAL.EXE.INTERMEDIATE.MANIFEST
c:\Users\chandraprakash meena\documents\visual studio 2010\Projects\graph_final\graph_final\Debug\graph_final.Form1.resources
C:\USERS\CHANDRAPRAKASH MEENA\DOCUMENTS\VISUAL STUDIO 2010\PROJECTS\GRAPH_FINAL\GRAPH_FINAL\DEBUG\GRAPH_FINAL.OBJ
C:\USERS\CHANDRAPRAKASH MEENA\DOCUMENTS\VISUAL STUDIO 2010\PROJECTS\GRAPH_FINAL\GRAPH_FINAL\DEBUG\GRAPH_FINAL.PCH
c:\Users\chandraprakash meena\documents\visual studio 2010\Projects\graph_final\graph_final\Debug\graph_final.vcxproj.GenerateResource.Cache
c:\Users\chandraprakash meena\documents\visual studio 2010\Projects\graph_final\graph_final\Debug\graph_final.vcxprojResolveAssemblyReference.cache
c:\Users\chandraprakash meena\documents\visual studio 2010\Projects\graph_final\graph_final\Debug\graph_final.write.1.tlog
c:\Users\chandraprakash meena\documents\visual studio 2010\Projects\graph_final\graph_final\Debug\link.10704.read.1.tlog
c:\Users\chandraprakash meena\documents\visual studio 2010\Projects\graph_final\graph_final\Debug\link.10704.write.1.tlog
c:\Users\chandraprakash meena\documents\visual studio 2010\Projects\graph_final\graph_final\Debug\link.10704-cvtres.read.1.tlog
c:\Users\chandraprakash meena\documents\visual studio 2010\Projects\graph_final\graph_final\Debug\link.10704-cvtres.write.1.tlog
c:\Users\chandraprakash meena\documents\visual studio 2010\Projects\graph_final\graph_final\Debug\link.15916.read.1.tlog
c:\Users\chandraprakash meena\documents\visual studio 2010\Projects\graph_final\graph_final\Debug\link.15916.write.1.tlog
c:\Users\chandraprakash meena\documents\visual studio 2010\Projects\graph_final\graph_final\Debug\link.15916-cvtres.read.1.tlog
c:\Users\chandraprakash meena\documents\visual studio 2010\Projects\graph_final\graph_final\Debug\link.15916-cvtres.write.1.tlog
c:\Users\chandraprakash meena\documents\visual studio 2010\Projects\graph_final\graph_final\Debug\link.3932.read.1.tlog
c:\Users\chandraprakash meena\documents\visual studio 2010\Projects\graph_final\graph_final\Debug\link.3932.write.1.tlog
c:\Users\chandraprakash meena\documents\visual studio 2010\Projects\graph_final\graph_final\Debug\link.3932-cvtres.read.1.tlog
c:\Users\chandraprakash meena\documents\visual studio 2010\Projects\graph_final\graph_final\Debug\link.3932-cvtres.write.1.tlog
c:\Users\chandraprakash meena\documents\visual studio 2010\Projects\graph_final\graph_final\Debug\link.command.1.tlog
c:\Users\chandraprakash meena\documents\visual studio 2010\Projects\graph_final\graph_final\Debug\link.read.1.tlog
c:\Users\chandraprakash meena\documents\visual studio 2010\Projects\graph_final\graph_final\Debug\link.write.1.tlog
c:\Users\chandraprakash meena\documents\visual studio 2010\Projects\graph_final\graph_final\Debug\mt.command.1.tlog
c:\Users\chandraprakash meena\documents\visual studio 2010\Projects\graph_final\graph_final\Debug\mt.read.1.tlog
c:\Users\chandraprakash meena\documents\visual studio 2010\Projects\graph_final\graph_final\Debug\mt.write.1.tlog
c:\Users\chandraprakash meena\documents\visual studio 2010\Projects\graph_final\graph_final\Debug\rc.command.1.tlog
c:\Users\chandraprakash meena\documents\visual studio 2010\Projects\graph_final\graph_final\Debug\rc.read.1.tlog
c:\Users\chandraprakash meena\documents\visual studio 2010\Projects\graph_final\graph_final\Debug\rc.write.1.tlog
C:\USERS\CHANDRAPRAKASH MEENA\DOCUMENTS\VISUAL STUDIO 2010\PROJECTS\GRAPH_FINAL\GRAPH_FINAL\DEBUG\STDAFX.OBJ
C:\USERS\CHANDRAPRAKASH MEENA\DOCUMENTS\VISUAL STUDIO 2010\PROJECTS\GRAPH_FINAL\GRAPH_FINAL\DEBUG\VC100.PDB
